3019847 Cingulata_BFV mer. juil. 10 13:17:07 CEST 2019
3019847 SEAL_BFV mer. juil. 10 13:17:14 CEST 2019
<<<<<<< HEAD
3019847 FV_NFLlib Thu Jul 18 00:03:59 CEST 2019
=======
3019847 FV_NFLLIB mer. juil. 17 10:34:40 UTC 2019
3019847 FV_NFLLIB mer. juil. 17 10:35:43 UTC 2019
3019847 FV_NFLLIB mer. juil. 17 10:37:13 UTC 2019
3019847 FV_NFLlib mer. juil. 17 10:53:44 UTC 2019
3019847 FV_NFLlib mer. juil. 17 10:54:13 UTC 2019
3019847 FV_NFLlib mer. juil. 17 10:57:45 UTC 2019
3019847 FV_NFLlib mer. juil. 17 10:59:14 UTC 2019
3019847 FV_NFLlib mer. juil. 17 10:59:54 UTC 2019
3019847 FV_NFLlib mer. juil. 17 11:03:27 UTC 2019
3019847 FV_NFLlib mer. juil. 17 11:13:02 UTC 2019
3019847 FV_NFLlib mer. juil. 17 12:32:08 UTC 2019
3019847 Cingulata_BFV mer. juil. 17 14:38:09 UTC 2019
3019847 SEAL_BFV mer. juil. 17 14:38:17 UTC 2019
3019847 FV_NFLlib mer. juil. 17 14:38:23 UTC 2019
3019847 Cingulata_BFV mer. juil. 17 14:38:31 UTC 2019
3019847 SEAL_BFV mer. juil. 17 14:38:46 UTC 2019
3019847 FV_NFLlib mer. juil. 17 14:38:47 UTC 2019
>>>>>>> 7e90fe2f252ae2578f29e4cf3c6281034daa07fb
